<?xml version="1.0" encoding="UTF-8"?>
<!-- Generated by org.testng.reporters.JUnitReportReporter -->
<testsuite hostname="DESKTOP-7MFC6AG" failures="0" tests="1" name="com.afzal.phase5.RegestrationForm" time="57.584" errors="0" timestamp="10 Mar 2022 19:05:00 GMT" skipped="0">
  <testcase classname="com.afzal.phase5.RegestrationForm" name="invokeBrowser" time="57.584"/>
</testsuite> <!-- com.afzal.phase5.RegestrationForm -->
