<?xml version="1.0" encoding="UTF-8"?>
<!-- Generated by org.testng.reporters.JUnitReportReporter -->
<testsuite hostname="DESKTOP-7MFC6AG" failures="0" tests="1" name="com.afzal.Lesson1.APP7.AssistedPraPro_FileUplode" time="3.644" errors="0" timestamp="05 Mar 2022 12:51:17 GMT" skipped="0">
  <testcase classname="com.afzal.Lesson1.APP7.AssistedPraPro_FileUplode" name="chromeprog" time="3.644"/>
</testsuite> <!-- com.afzal.Lesson1.APP7.AssistedPraPro_FileUplode -->
