<?xml version="1.0" encoding="UTF-8"?>
<!-- Generated by org.testng.reporters.JUnitReportReporter -->
<testsuite hostname="DESKTOP-7MFC6AG" failures="0" tests="2" name="com.afzal.Lesson2.APP1.AssistedPraPro_AllTestAnnotations" time="0.008" errors="0" timestamp="2022-03-06T01:38:02 IST" skipped="0">
  <testcase classname="com.afzal.Lesson2.APP1.AssistedPraPro_AllTestAnnotations" name="test1" time="0.006"/>
  <system-out/>
  <testcase classname="com.afzal.Lesson2.APP1.AssistedPraPro_AllTestAnnotations" name="test2" time="0.002"/>
  <system-out/>
</testsuite> <!-- com.afzal.Lesson2.APP1.AssistedPraPro_AllTestAnnotations -->
